<?xml version="1.0" encoding="UTF-8" ?>
<testsuite tests="43" failures="0" name="RunnerTest" time="0.008" errors="0" skipped="0">
  <properties>
    <property name="java.runtime.name" value="Java(TM) SE Runtime Environment"/>
    <property name="sun.boot.library.path" value="C:\Program Files\Java\jdk1.8.0_111\jre\bin"/>
    <property name="java.vm.version" value="25.111-b14"/>
    <property name="java.vm.vendor" value="Oracle Corporation"/>
    <property name="maven.multiModuleProjectDirectory" value="C:\Users\Zup\IdeaProjects\CursoCucumber"/>
    <property name="java.vendor.url" value="http://java.oracle.com/"/>
    <property name="path.separator" value=";"/>
    <property name="guice.disable.misplaced.annotation.check" value="true"/>
    <property name="java.vm.name" value="Java HotSpot(TM) 64-Bit Server VM"/>
    <property name="file.encoding.pkg" value="sun.io"/>
    <property name="user.script" value=""/>
    <property name="user.country" value="BR"/>
    <property name="sun.java.launcher" value="SUN_STANDARD"/>
    <property name="sun.os.patch.level" value=""/>
    <property name="java.vm.specification.name" value="Java Virtual Machine Specification"/>
    <property name="user.dir" value="C:\Users\Zup\IdeaProjects\CursoCucumber"/>
    <property name="java.runtime.version" value="1.8.0_111-b14"/>
    <property name="java.awt.graphicsenv" value="sun.awt.Win32GraphicsEnvironment"/>
    <property name="java.endorsed.dirs" value="C:\Program Files\Java\jdk1.8.0_111\jre\lib\endorsed"/>
    <property name="os.arch" value="amd64"/>
    <property name="java.io.tmpdir" value="C:\Users\Zup\AppData\Local\Temp\"/>
    <property name="line.separator" value="
"/>
    <property name="java.vm.specification.vendor" value="Oracle Corporation"/>
    <property name="user.variant" value=""/>
    <property name="os.name" value="Windows 10"/>
    <property name="classworlds.conf" value="C:\Users\Zup\Downloads\apache-maven-3.5.4-bin\apache-maven-3.5.4\bin\..\bin\m2.conf"/>
    <property name="sun.jnu.encoding" value="Cp1252"/>
    <property name="java.library.path" value="C:\Program Files\Java\jdk1.8.0_111\bin;C:\Windows\Sun\Java\bin;C:\Windows\system32;C:\Windows;C:\Program Files\Docker\Docker\Resources\bin;C:\Program Files (x86)\Common Files\Oracle\Java\javapath;C:\ProgramData\Oracle\Java\javapath;C:\Windows\system32;C:\Windows;C:\Windows\System32\Wbem;C:\Windows\System32\WindowsPowerShell\v1.0\;C:\Windows\System32\OpenSSH\;C:\Users\Zup\AppData\Local\Microsoft\WindowsApps;C:\Users\Zup\Downloads\apache-maven-3.5.4-bin\apache-maven-3.5.4\bin;C:\Program Files\Java\jdk1.8.0_111\bin;C:\Program Files\Git\cmd;C:\Program Files\Git\bin;;."/>
    <property name="maven.conf" value="C:\Users\Zup\Downloads\apache-maven-3.5.4-bin\apache-maven-3.5.4\bin\../conf"/>
    <property name="java.specification.name" value="Java Platform API Specification"/>
    <property name="java.class.version" value="52.0"/>
    <property name="sun.management.compiler" value="HotSpot 64-Bit Tiered Compilers"/>
    <property name="os.version" value="10.0"/>
    <property name="library.jansi.path" value="C:\Users\Zup\Downloads\apache-maven-3.5.4-bin\apache-maven-3.5.4\bin\..\lib\jansi-native"/>
    <property name="user.home" value="C:\Users\Zup"/>
    <property name="user.timezone" value="America/Sao_Paulo"/>
    <property name="java.awt.printerjob" value="sun.awt.windows.WPrinterJob"/>
    <property name="java.specification.version" value="1.8"/>
    <property name="file.encoding" value="Cp1252"/>
    <property name="user.name" value="Zup"/>
    <property name="java.class.path" value="C:\Users\Zup\Downloads\apache-maven-3.5.4-bin\apache-maven-3.5.4\bin\..\boot\plexus-classworlds-2.5.2.jar"/>
    <property name="java.vm.specification.version" value="1.8"/>
    <property name="sun.arch.data.model" value="64"/>
    <property name="java.home" value="C:\Program Files\Java\jdk1.8.0_111\jre"/>
    <property name="sun.java.command" value="org.codehaus.plexus.classworlds.launcher.Launcher test"/>
    <property name="java.specification.vendor" value="Oracle Corporation"/>
    <property name="user.language" value="pt"/>
    <property name="awt.toolkit" value="sun.awt.windows.WToolkit"/>
    <property name="java.vm.info" value="mixed mode"/>
    <property name="java.version" value="1.8.0_111"/>
    <property name="java.ext.dirs" value="C:\Program Files\Java\jdk1.8.0_111\jre\lib\ext;C:\Windows\Sun\Java\lib\ext"/>
    <property name="sun.boot.class.path" value="C:\Program Files\Java\jdk1.8.0_111\jre\lib\resources.jar;C:\Program Files\Java\jdk1.8.0_111\jre\lib\rt.jar;C:\Program Files\Java\jdk1.8.0_111\jre\lib\sunrsasign.jar;C:\Program Files\Java\jdk1.8.0_111\jre\lib\jsse.jar;C:\Program Files\Java\jdk1.8.0_111\jre\lib\jce.jar;C:\Program Files\Java\jdk1.8.0_111\jre\lib\charsets.jar;C:\Program Files\Java\jdk1.8.0_111\jre\lib\jfr.jar;C:\Program Files\Java\jdk1.8.0_111\jre\classes"/>
    <property name="sun.stderr.encoding" value="cp850"/>
    <property name="java.vendor" value="Oracle Corporation"/>
    <property name="maven.home" value="C:\Users\Zup\Downloads\apache-maven-3.5.4-bin\apache-maven-3.5.4\bin\.."/>
    <property name="file.separator" value="\"/>
    <property name="java.vendor.url.bug" value="http://bugreport.sun.com/bugreport/"/>
    <property name="sun.cpu.endian" value="little"/>
    <property name="sun.io.unicode.encoding" value="UnicodeLittle"/>
    <property name="sun.stdout.encoding" value="cp850"/>
    <property name="sun.desktop" value="windows"/>
    <property name="sun.cpu.isalist" value="amd64"/>
  </properties>
  <testcase classname="Scenario: Deve alugar um fime sucesso" name="Given um filme" time="0.004"/>
  <testcase classname="Scenario: Deve alugar um fime sucesso" name="When alugar" time="0"/>
  <testcase classname="Scenario: Deve alugar um fime sucesso" name="Then o preco do aluguel sera R$ 3" time="0"/>
  <testcase classname="Scenario: Deve alugar um fime sucesso" name="And a data de entrega sera em 1 dia" time="0"/>
  <testcase classname="Scenario: Deve alugar um fime sucesso" name="And o estoque do filme sera 1 unidade" time="0.001"/>
  <testcase classname="Scenario: Deve alugar um fime sucesso" name="Scenario: Deve alugar um fime sucesso" time="0.001"/>
  <testcase classname="Scenario: Nao deve alugar filme sem estoque" name="Given um filme com estoque de 0 unidades" time="0"/>
  <testcase classname="Scenario: Nao deve alugar filme sem estoque" name="When alugar" time="0"/>
  <testcase classname="Scenario: Nao deve alugar filme sem estoque" name="Then nao sera possivel por falta de estoque" time="0"/>
  <testcase classname="Scenario: Nao deve alugar filme sem estoque" name="And o estoque do filme sera 0 unidade" time="0"/>
  <testcase classname="Scenario: Nao deve alugar filme sem estoque" name="Scenario: Nao deve alugar filme sem estoque" time="0"/>
  <testcase classname="| 4 | extendido | 8 | 3 | 2 |" name="Given um filme com estoque de 2 unidades" time="0"/>
  <testcase classname="| 4 | extendido | 8 | 3 | 2 |" name="And que o preco do aluguel seja R$ 4" time="0"/>
  <testcase classname="| 4 | extendido | 8 | 3 | 2 |" name="And que o tipo do aluguel seja extendido" time="0"/>
  <testcase classname="| 4 | extendido | 8 | 3 | 2 |" name="When alugar" time="0"/>
  <testcase classname="| 4 | extendido | 8 | 3 | 2 |" name="Then o preco do aluguel sera R$ 8" time="0"/>
  <testcase classname="| 4 | extendido | 8 | 3 | 2 |" name="And a data de entrega sera em 3 dias" time="0"/>
  <testcase classname="| 4 | extendido | 8 | 3 | 2 |" name="And a pontuacao sera de 2 pontos" time="0"/>
  <testcase classname="| 4 | extendido | 8 | 3 | 2 |" name="| 4 | extendido | 8 | 3 | 2 |" time="0.001"/>
  <testcase classname="| 4 | comum | 4 | 1 | 1 |" name="Given um filme com estoque de 2 unidades" time="0"/>
  <testcase classname="| 4 | comum | 4 | 1 | 1 |" name="And que o preco do aluguel seja R$ 4" time="0"/>
  <testcase classname="| 4 | comum | 4 | 1 | 1 |" name="And que o tipo do aluguel seja comum" time="0.001"/>
  <testcase classname="| 4 | comum | 4 | 1 | 1 |" name="When alugar" time="0"/>
  <testcase classname="| 4 | comum | 4 | 1 | 1 |" name="Then o preco do aluguel sera R$ 4" time="0"/>
  <testcase classname="| 4 | comum | 4 | 1 | 1 |" name="And a data de entrega sera em 1 dias" time="0"/>
  <testcase classname="| 4 | comum | 4 | 1 | 1 |" name="And a pontuacao sera de 1 pontos" time="0"/>
  <testcase classname="| 4 | comum | 4 | 1 | 1 |" name="| 4 | comum | 4 | 1 | 1 |" time="0"/>
  <testcase classname="| 10 | extendido | 20 | 3 | 2 |" name="Given um filme com estoque de 2 unidades" time="0"/>
  <testcase classname="| 10 | extendido | 20 | 3 | 2 |" name="And que o preco do aluguel seja R$ 10" time="0"/>
  <testcase classname="| 10 | extendido | 20 | 3 | 2 |" name="And que o tipo do aluguel seja extendido" time="0"/>
  <testcase classname="| 10 | extendido | 20 | 3 | 2 |" name="When alugar" time="0"/>
  <testcase classname="| 10 | extendido | 20 | 3 | 2 |" name="Then o preco do aluguel sera R$ 20" time="0"/>
  <testcase classname="| 10 | extendido | 20 | 3 | 2 |" name="And a data de entrega sera em 3 dias" time="0"/>
  <testcase classname="| 10 | extendido | 20 | 3 | 2 |" name="And a pontuacao sera de 2 pontos" time="0"/>
  <testcase classname="| 10 | extendido | 20 | 3 | 2 |" name="| 10 | extendido | 20 | 3 | 2 |" time="0"/>
  <testcase classname="| 5 | semanal | 15 | 7 | 3 |" name="Given um filme com estoque de 2 unidades" time="0"/>
  <testcase classname="| 5 | semanal | 15 | 7 | 3 |" name="And que o preco do aluguel seja R$ 5" time="0"/>
  <testcase classname="| 5 | semanal | 15 | 7 | 3 |" name="And que o tipo do aluguel seja semanal" time="0"/>
  <testcase classname="| 5 | semanal | 15 | 7 | 3 |" name="When alugar" time="0"/>
  <testcase classname="| 5 | semanal | 15 | 7 | 3 |" name="Then o preco do aluguel sera R$ 15" time="0"/>
  <testcase classname="| 5 | semanal | 15 | 7 | 3 |" name="And a data de entrega sera em 7 dias" time="0"/>
  <testcase classname="| 5 | semanal | 15 | 7 | 3 |" name="And a pontuacao sera de 3 pontos" time="0"/>
  <testcase classname="| 5 | semanal | 15 | 7 | 3 |" name="| 5 | semanal | 15 | 7 | 3 |" time="0"/>
</testsuite>